# JRE version: OpenJDK Runtime Environment Temurin-21.0.6+7 (21.0.6+7) (build 21.0.6+7-LTS)
# Java VM: OpenJDK 64-Bit Server VM Temurin-21.0.6+7 (21.0.6+7-LTS, mixed mode, emulated-client, sharing, tiered, compressed oops, compressed class ptrs, g1 gc, windows-amd64)
GC Precious Log:
 CardTable entry size: 512
 Card Set container configuration: InlinePtr #cards 5 size 8 Array Of Cards #cards 12 size 40 Howl #buckets 4 coarsen threshold 1843 Howl Bitmap #cards 512 size 80 coarsen threshold 460 Card regions per heap region 1 cards per card region 2048
 CPUs: 4 total, 4 available
 Memory: 7932M
 Large Page Support: Disabled
 NUMA Support: Disabled
 Compressed Oops: Enabled (32-bit)
 Heap Region Size: 1M
 Heap Min Capacity: 8M
 Heap Initial Capacity: 124M
 Heap Max Capacity: 1G
 Pre-touch: Disabled
 Parallel Workers: 4
 Concurrent Workers: 1
 Concurrent Refinement Workers: 4
 Periodic GC: Disabled
Heap:
 garbage-first heap   total 71680K, used 37219K [0x00000000c0000000, 0x0000000100000000)
  region size 1024K, 1 young (1024K), 0 survivors (0K)
 Metaspace       used 57133K, committed 57856K, reserved 1114112K
  class space    used 7093K, committed 7424K, reserved 1048576K
GC Heap History (20 events):
Event: 8238.277 GC heap after
{Heap after GC invocations=780 (full 731):
 garbage-first heap   total 71680K, used 37219K [0x00000000c0000000, 0x0000000100000000)
  region size 1024K, 0 young (0K), 0 survivors (0K)
 Metaspace       used 57133K, committed 57856K, reserved 1114112K
  class space    used 7093K, committed 7424K, reserved 1048576K
}
Event: 8248.617 GC heap before
{Heap before GC invocations=780 (full 731):
 garbage-first heap   total 71680K, used 37219K [0x00000000c0000000, 0x0000000100000000)
  region size 1024K, 1 young (1024K), 0 survivors (0K)
 Metaspace       used 57133K, committed 57856K, reserved 1114112K
  class space    used 7093K, committed 7424K, reserved 1048576K
}
Event: 8248.645 GC heap after
{Heap after GC invocations=781 (full 732):
 garbage-first heap   total 71680K, used 37219K [0x00000000c0000000, 0x0000000100000000)
  region size 1024K, 0 young (0K), 0 survivors (0K)
 Metaspace       used 57133K, committed 57856K, reserved 1114112K
  class space    used 7093K, committed 7424K, reserved 1048576K
}
Event: 8258.782 GC heap before
{Heap before GC invocations=781 (full 732):
 garbage-first heap   total 71680K, used 37219K [0x00000000c0000000, 0x0000000100000000)
  region size 1024K, 1 young (1024K), 0 survivors (0K)
 Metaspace       used 57133K, committed 57856K, reserved 1114112K
  class space    used 7093K, committed 7424K, reserved 1048576K
}
Event: 8258.814 GC heap after
{Heap after GC invocations=782 (full 733):
 garbage-first heap   total 71680K, used 37219K [0x00000000c0000000, 0x0000000100000000)
  region size 1024K, 0 young (0K), 0 survivors (0K)
 Metaspace       used 57133K, committed 57856K, reserved 1114112K
  class space    used 7093K, committed 7424K, reserved 1048576K
}
Event: 8268.885 GC heap before
{Heap before GC invocations=782 (full 733):
 garbage-first heap   total 71680K, used 37219K [0x00000000c0000000, 0x0000000100000000)
  region size 1024K, 1 young (1024K), 0 survivors (0K)
 Metaspace       used 57133K, committed 57856K, reserved 1114112K
  class space    used 7093K, committed 7424K, reserved 1048576K
}
Event: 8268.915 GC heap after
{Heap after GC invocations=783 (full 734):
 garbage-first heap   total 71680K, used 37219K [0x00000000c0000000, 0x0000000100000000)
  region size 1024K, 0 young (0K), 0 survivors (0K)
 Metaspace       used 57133K, committed 57856K, reserved 1114112K
  class space    used 7093K, committed 7424K, reserved 1048576K
}
Event: 8278.988 GC heap before
{Heap before GC invocations=783 (full 734):
 garbage-first heap   total 71680K, used 37219K [0x00000000c0000000, 0x0000000100000000)
  region size 1024K, 1 young (1024K), 0 survivors (0K)
 Metaspace       used 57133K, committed 57856K, reserved 1114112K
  class space    used 7093K, committed 7424K, reserved 1048576K
}
Event: 8279.018 GC heap after
{Heap after GC invocations=784 (full 735):
 garbage-first heap   total 71680K, used 37219K [0x00000000c0000000, 0x0000000100000000)
  region size 1024K, 0 young (0K), 0 survivors (0K)
 Metaspace       used 57133K, committed 57856K, reserved 1114112K
  class space    used 7093K, committed 7424K, reserved 1048576K
}
Event: 8289.084 GC heap before
{Heap before GC invocations=784 (full 735):
 garbage-first heap   total 71680K, used 37219K [0x00000000c0000000, 0x0000000100000000)
  region size 1024K, 1 young (1024K), 0 survivors (0K)
 Metaspace       used 57133K, committed 57856K, reserved 1114112K
  class space    used 7093K, committed 7424K, reserved 1048576K
}
Event: 8289.112 GC heap after
{Heap after GC invocations=785 (full 736):
 garbage-first heap   total 71680K, used 37219K [0x00000000c0000000, 0x0000000100000000)
  region size 1024K, 0 young (0K), 0 survivors (0K)
 Metaspace       used 57133K, committed 57856K, reserved 1114112K
  class space    used 7093K, committed 7424K, reserved 1048576K
}
Event: 8299.195 GC heap before
{Heap before GC invocations=785 (full 736):
 garbage-first heap   total 71680K, used 37219K [0x00000000c0000000, 0x0000000100000000)
  region size 1024K, 1 young (1024K), 0 survivors (0K)
 Metaspace       used 57133K, committed 57856K, reserved 1114112K
  class space    used 7093K, committed 7424K, reserved 1048576K
}
Event: 8299.225 GC heap after
{Heap after GC invocations=786 (full 737):
 garbage-first heap   total 71680K, used 37219K [0x00000000c0000000, 0x0000000100000000)
  region size 1024K, 0 young (0K), 0 survivors (0K)
 Metaspace       used 57133K, committed 57856K, reserved 1114112K
  class space    used 7093K, committed 7424K, reserved 1048576K
}
Event: 8309.535 GC heap before
{Heap before GC invocations=786 (full 737):
 garbage-first heap   total 71680K, used 37219K [0x00000000c0000000, 0x0000000100000000)
  region size 1024K, 1 young (1024K), 0 survivors (0K)
 Metaspace       used 57133K, committed 57856K, reserved 1114112K
  class space    used 7093K, committed 7424K, reserved 1048576K
}
Event: 8309.564 GC heap after
{Heap after GC invocations=787 (full 738):
 garbage-first heap   total 71680K, used 37219K [0x00000000c0000000, 0x0000000100000000)
  region size 1024K, 0 young (0K), 0 survivors (0K)
 Metaspace       used 57133K, committed 57856K, reserved 1114112K
  class space    used 7093K, committed 7424K, reserved 1048576K
}
Event: 8319.792 GC heap before
{Heap before GC invocations=787 (full 738):
 garbage-first heap   total 71680K, used 37219K [0x00000000c0000000, 0x0000000100000000)
  region size 1024K, 1 young (1024K), 0 survivors (0K)
 Metaspace       used 57133K, committed 57856K, reserved 1114112K
  class space    used 7093K, committed 7424K, reserved 1048576K
}
Event: 8319.822 GC heap after
{Heap after GC invocations=788 (full 739):
 garbage-first heap   total 71680K, used 37219K [0x00000000c0000000, 0x0000000100000000)
  region size 1024K, 0 young (0K), 0 survivors (0K)
 Metaspace       used 57133K, committed 57856K, reserved 1114112K
  class space    used 7093K, committed 7424K, reserved 1048576K
}
Event: 8330.028 GC heap before
{Heap before GC invocations=788 (full 739):
 garbage-first heap   total 71680K, used 37219K [0x00000000c0000000, 0x0000000100000000)
  region size 1024K, 1 young (1024K), 0 survivors (0K)
 Metaspace       used 57133K, committed 57856K, reserved 1114112K
  class space    used 7093K, committed 7424K, reserved 1048576K
}
Event: 8330.059 GC heap after
{Heap after GC invocations=789 (full 740):
 garbage-first heap   total 71680K, used 37219K [0x00000000c0000000, 0x0000000100000000)
  region size 1024K, 0 young (0K), 0 survivors (0K)
 Metaspace       used 57133K, committed 57856K, reserved 1114112K
  class space    used 7093K, committed 7424K, reserved 1048576K
}
Event: 8342.033 GC heap before
{Heap before GC invocations=789 (full 740):
 garbage-first heap   total 71680K, used 37219K [0x00000000c0000000, 0x0000000100000000)
  region size 1024K, 1 young (1024K), 0 survivors (0K)
 Metaspace       used 57133K, committed 57856K, reserved 1114112K
  class space    used 7093K, committed 7424K, reserved 1048576K
}

